<?xml version="1.0" encoding="UTF-8"?>
<!-- Generated by org.testng.reporters.JUnitXMLReporter -->
<testsuite ignored="0" hostname="jeremyluong" failures="0" tests="1" name="Test" time="6.552" errors="0" timestamp="2024-04-07T21:39:47 ICT">
  <testcase classname="com.web.test.testDemo" name="@BeforeTest before" time="6.459">
    <failure type="org.openqa.selenium.netty.server.ServerBindException" message="Could not bind to address or port is already in use. Host 0.0.0.0, Port 4444">
      <![CDATA[org.openqa.selenium.netty.server.ServerBindException: Could not bind to address or port is already in use. Host 0.0.0.0, Port 4444
at org.openqa.selenium.netty.server.NettyServer.start(NettyServer.java:168)
at org.openqa.selenium.netty.server.NettyServer.start(NettyServer.java:51)
at org.openqa.selenium.grid.commands.Standalone.execute(Standalone.java:243)
at org.openqa.selenium.grid.TemplateGridCommand.lambda$configure$4(TemplateGridCommand.java:122)
at org.openqa.selenium.grid.Main.launch(Main.java:83)
at org.openqa.selenium.grid.Main.go(Main.java:56)
at org.openqa.selenium.grid.Main.main(Main.java:41)
at com.web.selenium.webSelenium.selenium.SeleniumDriverManager.lanuchLocalGrid(SeleniumDriverManager.java:31)
at com.web.selenium.webSelenium.selenium.SeleniumDriverManager.initRemoteWebDriver(SeleniumDriverManager.java:41)
at com.web.selenium.webSelenium.selenium.SeleniumDriverManager.startWebDriver(SeleniumDriverManager.java:22)
at com.web.test.testDemo.before(testDemo.java:14)
Caused by: java.net.BindException: Address already in use: bind
at java.base/sun.nio.ch.Net.bind0(Native Method)
at java.base/sun.nio.ch.Net.bind(Net.java:555)
at java.base/sun.nio.ch.ServerSocketChannelImpl.netBind(ServerSocketChannelImpl.java:337)
at java.base/sun.nio.ch.ServerSocketChannelImpl.bind(ServerSocketChannelImpl.java:294)
at io.netty.channel.socket.nio.NioServerSocketChannel.doBind(NioServerSocketChannel.java:141)
at io.netty.channel.AbstractChannel$AbstractUnsafe.bind(AbstractChannel.java:562)
at io.netty.channel.DefaultChannelPipeline$HeadContext.bind(DefaultChannelPipeline.java:1334)
at io.netty.channel.AbstractChannelHandlerContext.invokeBind(AbstractChannelHandlerContext.java:600)
at io.netty.channel.AbstractChannelHandlerContext.bind(AbstractChannelHandlerContext.java:579)
at io.netty.handler.logging.LoggingHandler.bind(LoggingHandler.java:230)
at io.netty.channel.AbstractChannelHandlerContext.invokeBind(AbstractChannelHandlerContext.java:602)
at io.netty.channel.AbstractChannelHandlerContext.bind(AbstractChannelHandlerContext.java:579)
at io.netty.channel.DefaultChannelPipeline.bind(DefaultChannelPipeline.java:973)
at io.netty.channel.AbstractChannel.bind(AbstractChannel.java:260)
at io.netty.bootstrap.AbstractBootstrap$2.run(AbstractBootstrap.java:380)
at io.netty.util.concurrent.AbstractEventExecutor.runTask(AbstractEventExecutor.java:173)
at io.netty.util.concurrent.AbstractEventExecutor.safeExecute(AbstractEventExecutor.java:166)
at io.netty.util.concurrent.SingleThreadEventExecutor.runAllTasks(SingleThreadEventExecutor.java:470)
at io.netty.channel.nio.NioEventLoop.run(NioEventLoop.java:569)
at io.netty.util.concurrent.SingleThreadEventExecutor$4.run(SingleThreadEventExecutor.java:997)
at io.netty.util.internal.ThreadExecutorMap$2.run(ThreadExecutorMap.java:74)
at io.netty.util.concurrent.FastThreadLocalRunnable.run(FastThreadLocalRunnable.java:30)
at java.base/java.lang.Thread.run(Thread.java:840)
... Removed 24 stack frames]]>
    </failure>
  </testcase> <!-- @BeforeTest before -->
  <testcase classname="com.web.test.testDemo" name="@AfterTest after" time="0.0">
    <skipped/>
  </testcase> <!-- @AfterTest after -->
  <testcase classname="com.web.test.testDemo" name="testDemo1" time="0.0">
    <skipped/>
  </testcase> <!-- testDemo1 -->
</testsuite> <!-- Test -->
