<?xml version="1.0" encoding="UTF-8"?>
<testng-results ignored="0" total="1" passed="1" failed="0" skipped="0">
  <reporter-output>
  </reporter-output>
  <suite started-at="2024-04-07T17:26:32 ICT" name="Default suite" finished-at="2024-04-07T17:26:47 ICT" duration-ms="14701">
    <groups>
    </groups>
    <test started-at="2024-04-07T17:26:32 ICT" name="Default test" finished-at="2024-04-07T17:26:47 ICT" duration-ms="14701">
      <class name="com.web.test.testDemo">
        <test-method is-config="true" signature="before()[pri:0, instance:com.web.test.testDemo@79079097]" started-at="2024-04-07T17:26:32 ICT" name="before" finished-at="2024-04-07T17:26:41 ICT" duration-ms="9594" status="PASS">
          <reporter-output>
          </reporter-output>
        </test-method> <!-- before -->
        <test-method signature="testDemo1()[pri:0, instance:com.web.test.testDemo@79079097]" started-at="2024-04-07T17:26:41 ICT" name="testDemo1" finished-at="2024-04-07T17:26:45 ICT" duration-ms="3665" status="PASS">
          <reporter-output>
          </reporter-output>
        </test-method> <!-- testDemo1 -->
        <test-method is-config="true" signature="after()[pri:0, instance:com.web.test.testDemo@79079097]" started-at="2024-04-07T17:26:45 ICT" name="after" finished-at="2024-04-07T17:26:47 ICT" duration-ms="1374" status="PASS">
          <reporter-output>
          </reporter-output>
        </test-method> <!-- after -->
      </class> <!-- com.web.test.testDemo -->
    </test> <!-- Default test -->
  </suite> <!-- Default suite -->
</testng-results>
